Build started 27.08.2017 18:11:58.
     1>Project "C:\Users\Andrey\Documents\Visual Studio 2017\Projects\quik\calculations\calculations.vcxproj" on node 3 (Rebuild target(s)).
     1>_PrepareForClean:
         Deleting file "Release\calculations.tlog\calculations.lastbuildstate".
       InitializeBuildStatus:
         Creating "Release\calculations.tlog\unsuccessfulbuild" because "AlwaysCreate" was specified.
       ClCompile:
         C:\Program Files (x86)\Microsoft Visual Studio 14.0\VC\bin\CL.exe /c /Zi /nologo /W3 /WX- /O2 /Oi /Oy- /GL /D WIN32 /D NDEBUG /D _LIB /D _UNICODE /D UNICODE /Gm- /EHsc /MT /GS /Gy /fp:precise /Zc:wchar_t /Zc:forScope /Zc:inline /Fo"Release\\" /Fd"Release\calculations.pdb" /Gd /TP /analyze- /errorReport:prompt numbers\bcd.cpp numbers\integer.cpp
         bcd.cpp
         integer.cpp
       Lib:
         C:\Program Files (x86)\Microsoft Visual Studio 14.0\VC\bin\Lib.exe /OUT:"C:\Users\Andrey\Documents\Visual Studio 2017\Projects\quik\Release\calculations.lib" /NOLOGO /LTCG Release\bcd.obj
         Release\integer.obj
         calculations.vcxproj -> C:\Users\Andrey\Documents\Visual Studio 2017\Projects\quik\Release\calculations.lib
       FinalizeBuildStatus:
         Deleting file "Release\calculations.tlog\unsuccessfulbuild".
         Touching "Release\calculations.tlog\calculations.lastbuildstate".
     1>Done Building Project "C:\Users\Andrey\Documents\Visual Studio 2017\Projects\quik\calculations\calculations.vcxproj" (Rebuild target(s)).

Build succeeded.

Time Elapsed 00:00:01.58
