c:\users\andrey\documents\visual studio 2017\projects\quik\tg_conroller\release\vc140.pdb
c:\users\andrey\documents\visual studio 2017\projects\quik\tg_conroller\release\dllmain.obj
c:\users\andrey\documents\visual studio 2017\projects\quik\tg_conroller\release\config.obj
c:\users\andrey\documents\visual studio 2017\projects\quik\tg_conroller\release\run.obj
c:\users\andrey\documents\visual studio 2017\projects\quik\tg_conroller\release\dispatcher.obj
c:\users\andrey\documents\visual studio 2017\projects\quik\tg_conroller\release\ssl_link_dependency.obj
c:\users\andrey\documents\visual studio 2017\projects\quik\tg_conroller\release\telegram.obj
c:\users\andrey\documents\visual studio 2017\projects\quik\tg_conroller\release\lua.obj
c:\users\andrey\documents\visual studio 2017\projects\quik\tg_conroller\release\robot.obj
c:\users\andrey\documents\visual studio 2017\projects\quik\tg_conroller\release\on_depo_limit.obj
c:\users\andrey\documents\visual studio 2017\projects\quik\tg_conroller\release\send_transaction.obj
c:\users\andrey\documents\visual studio 2017\projects\quik\tg_conroller\release\base.obj
c:\users\andrey\documents\visual studio 2017\projects\quik\tg_conroller\release\alloc.obj
c:\users\andrey\documents\visual studio 2017\projects\quik\release\robot.dll
c:\users\andrey\documents\visual studio 2017\projects\quik\release\robot.ipdb
c:\users\andrey\documents\visual studio 2017\projects\quik\release\robot.iobj
c:\users\andrey\documents\visual studio 2017\projects\quik\release\robot.pdb
c:\users\andrey\documents\visual studio 2017\projects\quik\release\robot.lib
c:\users\andrey\documents\visual studio 2017\projects\quik\release\robot.exp
c:\users\andrey\documents\visual studio 2017\projects\quik\tg_conroller\release\robot.tlog\cl.command.1.tlog
c:\users\andrey\documents\visual studio 2017\projects\quik\tg_conroller\release\robot.tlog\cl.read.1.tlog
c:\users\andrey\documents\visual studio 2017\projects\quik\tg_conroller\release\robot.tlog\cl.write.1.tlog
c:\users\andrey\documents\visual studio 2017\projects\quik\tg_conroller\release\robot.tlog\link.command.1.tlog
c:\users\andrey\documents\visual studio 2017\projects\quik\tg_conroller\release\robot.tlog\link.read.1.tlog
c:\users\andrey\documents\visual studio 2017\projects\quik\tg_conroller\release\robot.tlog\link.write.1.tlog
c:\users\andrey\documents\visual studio 2017\projects\quik\tg_conroller\release\robot.tlog\robot.write.1u.tlog
