Build started 27.08.2017 18:12:19.
     1>Project "C:\Users\Andrey\Documents\Visual Studio 2017\Projects\quik\tg_conroller\tg_conroller.vcxproj" on node 3 (Rebuild target(s)).
     1>_PrepareForClean:
         Deleting file "Release\robot.tlog\robot.lastbuildstate".
       InitializeBuildStatus:
         Creating "Release\robot.tlog\unsuccessfulbuild" because "AlwaysCreate" was specified.
       ClCompile:
         C:\Program Files (x86)\Microsoft Visual Studio 14.0\VC\bin\CL.exe /c /Zi /nologo /W3 /WX- /O2 /Oi /Oy- /GL /D "BOOST_ASIO_ERROR_CATEGORY_NOEXCEPT=noexcept(true)" /D WIN32 /D NDEBUG /D _WINDOWS /D _USRDLL /D TG_CONROLLER_EXPORTS /D _WINDLL /D _UNICODE /D UNICODE /Gm- /EHsc /MT /GS /Gy /fp:precise /Zc:wchar_t /Zc:forScope /Zc:inline /Fo"Release\\" /Fd"Release\vc140.pdb" /Gd /TP /analyze- /errorReport:prompt -D_WIN32_WINNT=0x0601 dllmain.cpp
         dllmain.cpp
         C:\Program Files (x86)\Microsoft Visual Studio 14.0\VC\bin\CL.exe /c /Zi /nologo /W3 /WX- /O2 /Oi /Oy- /GL /D "BOOST_ASIO_ERROR_CATEGORY_NOEXCEPT=noexcept(true)" /D WIN32 /D NDEBUG /D _WINDOWS /D _USRDLL /D TG_CONROLLER_EXPORTS /D _WINDLL /D _UNICODE /D UNICODE /Gm- /EHsc /MT /GS /Gy /fp:precise /Zc:wchar_t /Zc:forScope /Zc:inline /Fo"Release\\" /Fd"Release\vc140.pdb" /Gd /TP /analyze- /errorReport:prompt -D_WIN32_WINNT=0x0601 message\alloc.cpp message\base.cpp message\lua\send_transaction.cpp message\trade\on_depo_limit.cpp robot.cpp thread\lua\lua.cpp thread\telegram\telegram.cpp workaround\ssl_link_dependency.cpp worker\dispatcher.cpp worker\run.cpp worker\config.hpp
         alloc.cpp
         base.cpp
         send_transaction.cpp
         on_depo_limit.cpp
         robot.cpp
         lua.cpp
         telegram.cpp
         ssl_link_dependency.cpp
         dispatcher.cpp
         run.cpp
         config.hpp
       Link:
         C:\Program Files (x86)\Microsoft Visual Studio 14.0\VC\bin\link.exe /ERRORREPORT:PROMPT /OUT:"C:\Users\Andrey\Documents\Visual Studio 2017\Projects\quik\Release\robot.dll" /INCREMENTAL:NO /NOLOGO calculations.lib legacy_stdio_definitions.lib libeay32MTd.lib ssleay32MTd.lib TgBot.lib utils.lib kernel32.lib user32.lib gdi32.lib winspool.lib comdlg32.lib advapi32.lib shell32.lib ole32.lib oleaut32.lib uuid.lib odbc32.lib odbccp32.lib kernel32.lib user32.lib gdi32.lib winspool.lib comdlg32.lib advapi32.lib shell32.lib ole32.lib oleaut32.lib uuid.lib odbc32.lib odbccp32.lib /MANIFEST /MANIFESTUAC:"level='asInvoker' uiAccess='false'" /manifest:embed /DEBUG /PDB:"C:\Users\Andrey\Documents\Visual Studio 2017\Projects\quik\Release\robot.pdb" /SUBSYSTEM:WINDOWS /OPT:REF /OPT:ICF /LTCG:incremental /TLBID:1 /DYNAMICBASE /NXCOMPAT /IMPLIB:"C:\Users\Andrey\Documents\Visual Studio 2017\Projects\quik\Release\robot.lib" /MACHINE:X86 /SAFESEH /DLL Release\dllmain.obj
         Release\alloc.obj
         Release\base.obj
         Release\send_transaction.obj
         Release\on_depo_limit.obj
         Release\robot.obj
         Release\lua.obj
         Release\telegram.obj
         Release\ssl_link_dependency.obj
         Release\dispatcher.obj
         Release\run.obj
         Release\config.obj
            Creating library C:\Users\Andrey\Documents\Visual Studio 2017\Projects\quik\Release\robot.lib and object C:\Users\Andrey\Documents\Visual Studio 2017\Projects\quik\Release\robot.exp
         Generating code
         All 1812 functions were compiled because no usable IPDB/IOBJ from previous compilation was found.
         Finished generating code
         tg_conroller.vcxproj -> C:\Users\Andrey\Documents\Visual Studio 2017\Projects\quik\Release\robot.dll
         tg_conroller.vcxproj -> C:\Users\Andrey\Documents\Visual Studio 2017\Projects\quik\Release\robot.pdb (Full PDB)
       FinalizeBuildStatus:
         Deleting file "Release\robot.tlog\unsuccessfulbuild".
         Touching "Release\robot.tlog\robot.lastbuildstate".
     1>Done Building Project "C:\Users\Andrey\Documents\Visual Studio 2017\Projects\quik\tg_conroller\tg_conroller.vcxproj" (Rebuild target(s)).

Build succeeded.

Time Elapsed 00:00:11.76
