Build started 02.09.2017 8:26:17.
     1>Project "C:\Users\Andrey\Documents\Visual Studio 2017\Projects\quik\tg_conroller\tg_conroller.vcxproj" on node 2 (Build target(s)).
     1>C:\Program Files (x86)\MSBuild\Microsoft.Cpp\v4.0\V140\Microsoft.CppBuild.targets(392,5): warning MSB8028: The intermediate directory (Debug\) contains files shared from another project (tg_conroller.vcxproj).  This can lead to incorrect clean and rebuild behavior.
     1>InitializeBuildStatus:
         Creating "Debug\robot.tlog\unsuccessfulbuild" because "AlwaysCreate" was specified.
       ClCompile:
         All outputs are up-to-date.
         C:\Program Files (x86)\Microsoft Visual Studio 14.0\VC\bin\CL.exe /c /ZI /nologo /W3 /WX- /Od /Oy- /D "BOOST_ASIO_ERROR_CATEGORY_NOEXCEPT=noexcept(true)" /D WIN32 /D _DEBUG /D _WINDOWS /D _USRDLL /D TG_CONROLLER_EXPORTS /D _WINDLL /D _UNICODE /D UNICODE /Gm /EHsc /RTC1 /MTd /GS /fp:precise /Zc:wchar_t /Zc:forScope /Zc:inline /Fo"Debug\\" /Fd"Debug\vc140.pdb" /Gd /TP /analyze- /errorReport:prompt robot.cpp thread\lua\lua.cpp thread\telegram\telegram.cpp
         lua.cpp
         Generating Code...
         Compiling...
         telegram.cpp
         Please define _WIN32_WINNT or _WIN32_WINDOWS appropriately. For example:
         - add -D_WIN32_WINNT=0x0501 to the compiler command line; or
         - add _WIN32_WINNT=0x0501 to your project's Preprocessor Definitions.
         Assuming _WIN32_WINNT=0x0501 (i.e. Windows XP target).
         robot.cpp
         Generating Code...
       Link:
         C:\Program Files (x86)\Microsoft Visual Studio 14.0\VC\bin\link.exe /ERRORREPORT:PROMPT /OUT:"C:\Users\Andrey\Documents\Visual Studio 2017\Projects\quik\Debug\robot.dll" /INCREMENTAL /NOLOGO common.lib calculations.lib legacy_stdio_definitions.lib libeay32MTd.lib ssleay32MTd.lib TgBot.lib utils.lib kernel32.lib user32.lib gdi32.lib winspool.lib comdlg32.lib advapi32.lib shell32.lib ole32.lib oleaut32.lib uuid.lib odbc32.lib odbccp32.lib kernel32.lib user32.lib gdi32.lib winspool.lib comdlg32.lib advapi32.lib shell32.lib ole32.lib oleaut32.lib uuid.lib odbc32.lib odbccp32.lib /MANIFEST /MANIFESTUAC:"level='asInvoker' uiAccess='false'" /manifest:embed /DEBUG:FASTLINK /PDB:"C:\Users\Andrey\Documents\Visual Studio 2017\Projects\quik\Debug\robot.pdb" /SUBSYSTEM:WINDOWS /TLBID:1 /DYNAMICBASE /NXCOMPAT /IMPLIB:"C:\Users\Andrey\Documents\Visual Studio 2017\Projects\quik\Debug\robot.lib" /MACHINE:X86 /DLL Debug\dllmain.obj
         Debug\alloc.obj
         Debug\base.obj
         Debug\send_transaction.obj
         Debug\robot.obj
         Debug\lua.obj
         Debug\telegram.obj
         Debug\ssl_link_dependency.obj
         Debug\dispatcher.obj
         Debug\run.obj
         Debug\config.obj
         Debug\unhandled.obj
         tg_conroller.vcxproj -> C:\Users\Andrey\Documents\Visual Studio 2017\Projects\quik\Debug\robot.dll
         tg_conroller.vcxproj -> C:\Users\Andrey\Documents\Visual Studio 2017\Projects\quik\Debug\robot.pdb (Partial PDB)
       FinalizeBuildStatus:
         Deleting file "Debug\robot.tlog\unsuccessfulbuild".
         Touching "Debug\robot.tlog\robot.lastbuildstate".
     1>Done Building Project "C:\Users\Andrey\Documents\Visual Studio 2017\Projects\quik\tg_conroller\tg_conroller.vcxproj" (Build target(s)).

Build succeeded.

Time Elapsed 00:00:18.81
