Build started 30.08.2017 22:28:20.
     1>Project "C:\Users\Andrey\Documents\Visual Studio 2017\Projects\quik\common\common.vcxproj" on node 2 (Build target(s)).
     1>InitializeBuildStatus:
         Creating "Debug\common.tlog\unsuccessfulbuild" because "AlwaysCreate" was specified.
       ClCompile:
         All outputs are up-to-date.
         C:\Program Files (x86)\Microsoft Visual Studio 14.0\VC\bin\CL.exe /c /ZI /nologo /W3 /WX- /Od /Oy- /D WIN32 /D _DEBUG /D _LIB /D _UNICODE /D UNICODE /Gm /EHsc /RTC1 /MTd /GS /fp:precise /Zc:wchar_t /Zc:forScope /Zc:inline /Fo"Debug\\" /Fd"Debug\common.pdb" /Gd /TP /analyze- /errorReport:prompt numbers\bcd.cpp numbers\integer.cpp
         integer.cpp
         bcd.cpp
         Generating Code...
       Lib:
         C:\Program Files (x86)\Microsoft Visual Studio 14.0\VC\bin\Lib.exe /OUT:"C:\Users\Andrey\Documents\Visual Studio 2017\Projects\quik\Debug\common.lib" /NOLOGO Debug\bcd.obj
         Debug\integer.obj
         common.vcxproj -> C:\Users\Andrey\Documents\Visual Studio 2017\Projects\quik\Debug\common.lib
       CopyFilesToOutputDirectory:
         Copying file from "Debug\common.pdb" to "C:\Users\Andrey\Documents\Visual Studio 2017\Projects\quik\Debug\common.pdb".
       FinalizeBuildStatus:
         Deleting file "Debug\common.tlog\unsuccessfulbuild".
         Touching "Debug\common.tlog\common.lastbuildstate".
     1>Done Building Project "C:\Users\Andrey\Documents\Visual Studio 2017\Projects\quik\common\common.vcxproj" (Build target(s)).

Build succeeded.

Time Elapsed 00:00:00.73
